<?xml version="1.0" encoding="UTF-8"?>
<!-- Generated by org.testng.reporters.JUnitReportReporter -->
<testsuite hostname="DESKTOP-09HPMNK" failures="0" tests="1" name="extentReport.ExtentReport" time="42.741" errors="0" timestamp="2023-05-30T15:00:00 IST" skipped="0">
  <testcase classname="extentReport.ExtentReport" name="verifyPageObjectModel" time="42.741"/>
  <system-out/>
</testsuite> <!-- extentReport.ExtentReport -->
