<?xml version="1.0" encoding="UTF-8"?>
<!-- Generated by org.testng.reporters.JUnitReportReporter -->
<testsuite hostname="DESKTOP-09HPMNK" failures="0" tests="1" name="test_cases.LoginTest" time="19.524" errors="0" timestamp="2023-05-30T10:50:12 IST" skipped="0">
  <testcase classname="test_cases.LoginTest" name="verifyLogin" time="19.524"/>
  <system-out/>
</testsuite> <!-- test_cases.LoginTest -->
