<?xml version="1.0" encoding="UTF-8"?>
<!-- Generated by org.testng.reporters.JUnitReportReporter -->
<testsuite hostname="DESKTOP-09HPMNK" failures="0" tests="1" name="test_cases.UserRoleTest" time="41.174" errors="0" timestamp="2023-05-30T11:08:29 IST" skipped="0">
  <testcase classname="test_cases.UserRoleTest" name="verifyChkUserRole" time="41.174"/>
  <system-out/>
</testsuite> <!-- test_cases.UserRoleTest -->
