<?xml version="1.0" encoding="UTF-8"?>
<!-- Generated by org.testng.reporters.JUnitReportReporter -->
<testsuite hostname="DESKTOP-09HPMNK" failures="0" tests="1" name="test_cases.DashboardTest" time="20.523" errors="0" timestamp="2023-05-30T10:57:33 IST" skipped="0">
  <testcase classname="test_cases.DashboardTest" name="verifyDashboardFunction" time="20.523"/>
  <system-out/>
</testsuite> <!-- test_cases.DashboardTest -->
